Build started 7/21/2020 9:08:50 PM.
     1>Project "K:\SEMESTER 6\grafika komputer\TR GRAFKOM E\TR GRAFKOM E\TR GRAFKOM E\TR GRAFKOM E.vcxproj" on node 2 (build target(s)).
     1>InitializeBuildStatus:
         Creating "Debug\TR GRAFKOM E.unsuccessfulbuild" because "AlwaysCreate" was specified.
       ClCompile:
         C:\Program Files (x86)\Microsoft Visual Studio 10.0\VC\bin\CL.exe /c /ZI /nologo /W3 /WX- /Od /Oy- /D WIN32 /D _DEBUG /D _CONSOLE /D _UNICODE /D UNICODE /Gm /EHsc /RTC1 /MDd /GS /fp:precise /Zc:wchar_t /Zc:forScope /Fo"Debug\\" /Fd"Debug\vc100.pdb" /Gd /TP /analyze- /errorReport:prompt "TR GRAFKOM E 672018154 672018168 672018170.cpp"
         TR GRAFKOM E 672018154 672018168 672018170.cpp
       ManifestResourceCompile:
         All outputs are up-to-date.
       Link:
         C:\Program Files (x86)\Microsoft Visual Studio 10.0\VC\bin\link.exe /ERRORREPORT:PROMPT /OUT:"K:\SEMESTER 6\grafika komputer\TR GRAFKOM E\TR GRAFKOM E\Debug\TR GRAFKOM E.exe" /INCREMENTAL /NOLOGO kernel32.lib user32.lib gdi32.lib winspool.lib comdlg32.lib advapi32.lib shell32.lib ole32.lib oleaut32.lib uuid.lib odbc32.lib odbccp32.lib /MANIFEST /ManifestFile:"Debug\TR GRAFKOM E.exe.intermediate.manifest" /MANIFESTUAC:"level='asInvoker' uiAccess='false'" /DEBUG /PDB:"K:\SEMESTER 6\grafika komputer\TR GRAFKOM E\TR GRAFKOM E\Debug\TR GRAFKOM E.pdb" /SUBSYSTEM:CONSOLE /TLBID:1 /DYNAMICBASE /NXCOMPAT /IMPLIB:"K:\SEMESTER 6\grafika komputer\TR GRAFKOM E\TR GRAFKOM E\Debug\TR GRAFKOM E.lib" /MACHINE:X86 "Debug\TR GRAFKOM E.exe.embed.manifest.res"
         "Debug\TR GRAFKOM E 672018154 672018168 672018170.obj"
       Manifest:
         C:\Program Files (x86)\Microsoft SDKs\Windows\v7.0A\bin\mt.exe /nologo /verbose /out:"Debug\TR GRAFKOM E.exe.embed.manifest" /manifest "Debug\TR GRAFKOM E.exe.intermediate.manifest"
         All outputs are up-to-date.
       LinkEmbedManifest:
         All outputs are up-to-date.
         TR GRAFKOM E.vcxproj -> K:\SEMESTER 6\grafika komputer\TR GRAFKOM E\TR GRAFKOM E\Debug\TR GRAFKOM E.exe
       FinalizeBuildStatus:
         Deleting file "Debug\TR GRAFKOM E.unsuccessfulbuild".
         Touching "Debug\TR GRAFKOM E.lastbuildstate".
     1>Done Building Project "K:\SEMESTER 6\grafika komputer\TR GRAFKOM E\TR GRAFKOM E\TR GRAFKOM E\TR GRAFKOM E.vcxproj" (build target(s)).

Build succeeded.

Time Elapsed 00:00:06.52
